Determining if the pthread_create exist failed with the following output:
Change Dir: /home/lakan/Programming/Statemachines/bin/CMakeFiles/CMakeTmp

Run Build Command:"/usr/bin/make" "cmTC_88741/fast"
/usr/bin/make -f CMakeFiles/cmTC_88741.dir/build.make CMakeFiles/cmTC_88741.dir/build
make[1]: Entering directory '/home/lakan/Programming/Statemachines/bin/CMakeFiles/CMakeTmp'
Building C object CMakeFiles/cmTC_88741.dir/CheckSymbolExists.c.o
/usr/bin/cc    -o CMakeFiles/cmTC_88741.dir/CheckSymbolExists.c.o   -c /home/lakan/Programming/Statemachines/bin/CMakeFiles/CMakeTmp/CheckSymbolExists.c
Linking C executable cmTC_88741
/usr/bin/cmake -E cmake_link_script CMakeFiles/cmTC_88741.dir/link.txt --verbose=1
/usr/bin/cc      -rdynamic CMakeFiles/cmTC_88741.dir/CheckSymbolExists.c.o  -o cmTC_88741 
CMakeFiles/cmTC_88741.dir/CheckSymbolExists.c.o: In function `main':
CheckSymbolExists.c:(.text+0x1b): undefined reference to `pthread_create'
collect2: error: ld returned 1 exit status
CMakeFiles/cmTC_88741.dir/build.make:97: recipe for target 'cmTC_88741' failed
make[1]: *** [cmTC_88741] Error 1
make[1]: Leaving directory '/home/lakan/Programming/Statemachines/bin/CMakeFiles/CMakeTmp'
Makefile:126: recipe for target 'cmTC_88741/fast' failed
make: *** [cmTC_88741/fast] Error 2

File /home/lakan/Programming/Statemachines/bin/CMakeFiles/CMakeTmp/CheckSymbolExists.c:
/* */
#include <pthread.h>

int main(int argc, char** argv)
{
  (void)argv;
#ifndef pthread_create
  return ((int*)(&pthread_create))[argc];
#else
  (void)argc;
  return 0;
#endif
}

Determining if the function pthread_create exists in the pthreads failed with the following output:
Change Dir: /home/lakan/Programming/Statemachines/bin/CMakeFiles/CMakeTmp

Run Build Command:"/usr/bin/make" "cmTC_ef821/fast"
/usr/bin/make -f CMakeFiles/cmTC_ef821.dir/build.make CMakeFiles/cmTC_ef821.dir/build
make[1]: Entering directory '/home/lakan/Programming/Statemachines/bin/CMakeFiles/CMakeTmp'
Building C object CMakeFiles/cmTC_ef821.dir/CheckFunctionExists.c.o
/usr/bin/cc   -DCHECK_FUNCTION_EXISTS=pthread_create   -o CMakeFiles/cmTC_ef821.dir/CheckFunctionExists.c.o   -c /usr/share/cmake-3.10/Modules/CheckFunctionExists.c
Linking C executable cmTC_ef821
/usr/bin/cmake -E cmake_link_script CMakeFiles/cmTC_ef821.dir/link.txt --verbose=1
/usr/bin/cc  -DCHECK_FUNCTION_EXISTS=pthread_create    -rdynamic CMakeFiles/cmTC_ef821.dir/CheckFunctionExists.c.o  -o cmTC_ef821 -lpthreads 
/usr/bin/ld: cannot find -lpthreads
collect2: error: ld returned 1 exit status
CMakeFiles/cmTC_ef821.dir/build.make:97: recipe for target 'cmTC_ef821' failed
make[1]: *** [cmTC_ef821] Error 1
make[1]: Leaving directory '/home/lakan/Programming/Statemachines/bin/CMakeFiles/CMakeTmp'
Makefile:126: recipe for target 'cmTC_ef821/fast' failed
make: *** [cmTC_ef821/fast] Error 2


